#
# There is insufficient memory for the Java Runtime Environment to continue.
# Native memory allocation (malloc) failed to allocate 32744 bytes for ChunkPool::allocate
# Possible reasons:
#   The system is out of physical RAM or swap space
#   The process is running with CompressedOops enabled, and the Java Heap may be blocking the growth of the native heap
# Possible solutions:
#   Reduce memory load on the system
#   Increase physical memory or swap space
#   Check if swap backing store is full
#   Decrease Java heap size (-Xmx/-Xms)
#   Decrease number of Java threads
#   Decrease Java thread stack sizes (-Xss)
#   Set larger code cache with -XX:ReservedCodeCacheSize=
#   JVM is running with Unscaled Compressed Oops mode in which the Java heap is
#     placed in the first 4GB address space. The Java Heap base address is the
#     maximum limit for the native heap growth. Please use -XX:HeapBaseMinAddress
#     to set the Java Heap base and to place the Java Heap above 4GB virtual address.
# This output file may be truncated or incomplete.
#
#  Out of Memory Error (./src/hotspot/share/memory/arena.cpp:81), pid=2776, tid=7144
#
# JRE version: OpenJDK Runtime Environment Microsoft-7208460 (11.0.18+10) (build 11.0.18+10-LTS)
# Java VM: OpenJDK 64-Bit Server VM Microsoft-7208460 (11.0.18+10-LTS, mixed mode, tiered, compressed oops, g1 gc, windows-amd64)
# No core dump will be written. Minidumps are not enabled by default on client versions of Windows
#

---------------  S U M M A R Y ------------

Command Line: -Xmx64m -Xms64m -Dorg.gradle.appname=gradlew org.gradle.wrapper.GradleWrapperMain app:installDebug -PreactNativeDevServerPort=8081

Host: Intel(R) Core(TM) i5-3320M CPU @ 2.60GHz, 4 cores, 3G,  Windows 10 , 64 bit Build 15063 (10.0.15063.0)
Time: Thu Apr  6 12:00:44 2023 Pakistan Standard Time elapsed time: 845.730307 seconds (0d 0h 14m 5s)

---------------  T H R E A D  ---------------

Current thread (0x0000012957aa6800):  JavaThread "C2 CompilerThread0" daemon [_thread_in_native, id=7144, stack(0x0000000861000000,0x0000000861100000)]


Current CompileTask:
C2: 845730 1846 %     4       org.gradle.internal.logging.text.AbstractLineChoppingStyledTextOutput::doAppend @ 10 (43 bytes)

Stack: [0x0000000861000000,0x0000000861100000]
Native frames: (J=compiled Java code, j=interpreted, Vv=VM code, C=native code)
V  [jvm.dll+0x62bf8a]
V  [jvm.dll+0x7b8fb9]
V  [jvm.dll+0x7ba6a8]
V  [jvm.dll+0x7bad83]
V  [jvm.dll+0x250248]
V  [jvm.dll+0xc286b]
V  [jvm.dll+0xc2bcc]
V  [jvm.dll+0xc271b]
V  [jvm.dll+0x6096a6]
V  [jvm.dll+0x6081e0]
V  [jvm.dll+0x5cc66b]
V  [jvm.dll+0x5c5f00]
V  [jvm.dll+0x3434f5]
V  [jvm.dll+0x344095]
V  [jvm.dll+0x34028f]
V  [jvm.dll+0x345702]
V  [jvm.dll+0x33bad8]
V  [jvm.dll+0x34238f]
V  [jvm.dll+0x18e4b0]
V  [jvm.dll+0x64708b]
V  [jvm.dll+0x640f3f]
V  [jvm.dll+0x6405cb]
V  [jvm.dll+0x63e485]
V  [jvm.dll+0x18ce8c]
V  [jvm.dll+0x2c3ea6]
V  [jvm.dll+0x649188]
V  [jvm.dll+0x640f3f]
V  [jvm.dll+0x6405cb]
V  [jvm.dll+0x63e485]
V  [jvm.dll+0x18ce8c]
V  [jvm.dll+0x2c3ea6]
V  [jvm.dll+0x649188]
V  [jvm.dll+0x640f3f]
V  [jvm.dll+0x6405cb]
V  [jvm.dll+0x63e485]
V  [jvm.dll+0x18ce8c]
V  [jvm.dll+0x2c3ea6]
V  [jvm.dll+0x649188]
V  [jvm.dll+0x640f3f]
V  [jvm.dll+0x6405cb]
V  [jvm.dll+0x63e485]
V  [jvm.dll+0x18ce8c]
V  [jvm.dll+0x208198]
V  [jvm.dll+0x18a4b1]
V  [jvm.dll+0x217eec]
V  [jvm.dll+0x21612b]
V  [jvm.dll+0x77bac0]
V  [jvm.dll+0x7749f4]
V  [jvm.dll+0x62adf5]
C  [ucrtbase.dll+0x20369]
C  [KERNEL32.DLL+0x12774]
C  [ntdll.dll+0x70d61]


---------------  P R O C E S S  ---------------

Threads class SMR info:
_java_thread_list=0x00000129588256a0, length=13, elements={
0x000001293d427000, 0x0000012957a1c800, 0x0000012957a48800, 0x0000012957a9f000,
0x0000012957aa1000, 0x0000012957aa2800, 0x0000012957aa6800, 0x0000012957aaa000,
0x0000012957ad9000, 0x0000012957d3c800, 0x0000012958748000, 0x0000012958995000,
0x0000012958b34000
}

Java Threads: ( => current thread )
  0x000001293d427000 JavaThread "main" [_thread_in_native, id=1204, stack(0x0000000860300000,0x0000000860400000)]
  0x0000012957a1c800 JavaThread "Reference Handler" daemon [_thread_blocked, id=6836, stack(0x0000000860a00000,0x0000000860b00000)]
  0x0000012957a48800 JavaThread "Finalizer" daemon [_thread_blocked, id=7968, stack(0x0000000860b00000,0x0000000860c00000)]
  0x0000012957a9f000 JavaThread "Signal Dispatcher" daemon [_thread_blocked, id=588, stack(0x0000000860d00000,0x0000000860e00000)]
  0x0000012957aa1000 JavaThread "Attach Listener" daemon [_thread_blocked, id=8108, stack(0x0000000860e00000,0x0000000860f00000)]
  0x0000012957aa2800 JavaThread "Service Thread" daemon [_thread_blocked, id=6732, stack(0x0000000860f00000,0x0000000861000000)]
=>0x0000012957aa6800 JavaThread "C2 CompilerThread0" daemon [_thread_in_native, id=7144, stack(0x0000000861000000,0x0000000861100000)]
  0x0000012957aaa000 JavaThread "C1 CompilerThread0" daemon [_thread_blocked, id=5784, stack(0x0000000861100000,0x0000000861200000)]
  0x0000012957ad9000 JavaThread "Sweeper thread" daemon [_thread_blocked, id=6648, stack(0x0000000861200000,0x0000000861300000)]
  0x0000012957d3c800 JavaThread "Common-Cleaner" daemon [_thread_blocked, id=8016, stack(0x0000000861400000,0x0000000861500000)]
  0x0000012958748000 JavaThread "pool-1-thread-1" [_thread_in_Java, id=7916, stack(0x0000000861700000,0x0000000861800000)]
  0x0000012958995000 JavaThread "DisconnectableInputStream source reader" daemon [_thread_in_native, id=7204, stack(0x0000000861b00000,0x0000000861c00000)]
  0x0000012958b34000 JavaThread "Forward input" [_thread_blocked, id=7384, stack(0x0000000861c00000,0x0000000861d00000)]

Other Threads:
  0x0000012957a1a000 VMThread "VM Thread" [stack: 0x0000000860900000,0x0000000860a00000] [id=1220]
  0x0000012957d34800 WatcherThread [stack: 0x0000000861300000,0x0000000861400000] [id=6620]
  0x000001293d441000 GCTaskThread "GC Thread#0" [stack: 0x0000000860400000,0x0000000860500000] [id=8076]
  0x00000129581d4000 GCTaskThread "GC Thread#1" [stack: 0x0000000861500000,0x0000000861600000] [id=4032]
  0x0000012958073800 GCTaskThread "GC Thread#2" [stack: 0x0000000861900000,0x0000000861a00000] [id=4808]
  0x00000129588e4000 GCTaskThread "GC Thread#3" [stack: 0x0000000861a00000,0x0000000861b00000] [id=208]
  0x000001293d447000 ConcurrentGCThread "G1 Main Marker" [stack: 0x0000000860500000,0x0000000860600000] [id=3968]
  0x000001293d44a000 ConcurrentGCThread "G1 Conc#0" [stack: 0x0000000860600000,0x0000000860700000] [id=4988]
  0x000001293d4a0000 ConcurrentGCThread "G1 Refine#0" [stack: 0x0000000860700000,0x0000000860800000] [id=2756]
  0x000001293d4a1800 ConcurrentGCThread "G1 Young RemSet Sampling" [stack: 0x0000000860800000,0x0000000860900000] [id=6300]

Threads with active compile tasks:
C2 CompilerThread0   849094 1846 %     4       org.gradle.internal.logging.text.AbstractLineChoppingStyledTextOutput::doAppend @ 10 (43 bytes)

VM state:not at safepoint (normal execution)

VM Mutex/Monitor currently owned by a thread: None

Heap address: 0x00000000fc000000, size: 64 MB, Compressed Oops mode: 32-bit
Narrow klass base: 0x0000000000000000, Narrow klass shift: 3
Compressed class space size: 1073741824 Address: 0x0000000100000000

Heap:
 garbage-first heap   total 65536K, used 10944K [0x00000000fc000000, 0x0000000100000000)
  region size 1024K, 2 young (2048K), 1 survivors (1024K)
 Metaspace       used 16403K, capacity 16734K, committed 16896K, reserved 1064960K
  class space    used 1837K, capacity 1943K, committed 2048K, reserved 1048576K
Heap Regions: E=young(eden), S=young(survivor), O=old, HS=humongous(starts), HC=humongous(continues), CS=collection set, F=free, A=archive, TAMS=top-at-mark-start (previous, next)
|   0|0x00000000fc000000, 0x00000000fc100000, 0x00000000fc100000|100%|HS|  |TAMS 0x00000000fc000000, 0x00000000fc000000| Complete 
|   1|0x00000000fc100000, 0x00000000fc200000, 0x00000000fc200000|100%|HC|  |TAMS 0x00000000fc100000, 0x00000000fc100000| Complete 
|   2|0x00000000fc200000, 0x00000000fc300000, 0x00000000fc300000|100%|HC|  |TAMS 0x00000000fc200000, 0x00000000fc200000| Complete 
|   3|0x00000000fc300000, 0x00000000fc400000, 0x00000000fc400000|100%| O|  |TAMS 0x00000000fc300000, 0x00000000fc300000| Untracked 
|   4|0x00000000fc400000, 0x00000000fc500000, 0x00000000fc500000|100%| O|  |TAMS 0x00000000fc400000, 0x00000000fc400000| Untracked 
|   5|0x00000000fc500000, 0x00000000fc600000, 0x00000000fc600000|100%| O|  |TAMS 0x00000000fc500000, 0x00000000fc500000| Untracked 
|   6|0x00000000fc600000, 0x00000000fc700000, 0x00000000fc700000|100%| O|  |TAMS 0x00000000fc600000, 0x00000000fc600000| Untracked 
|   7|0x00000000fc700000, 0x00000000fc800000, 0x00000000fc800000|100%| O|  |TAMS 0x00000000fc700000, 0x00000000fc700000| Untracked 
|   8|0x00000000fc800000, 0x00000000fc900000, 0x00000000fc900000|100%| O|  |TAMS 0x00000000fc800000, 0x00000000fc800000| Untracked 
|   9|0x00000000fc900000, 0x00000000fc9b2800, 0x00000000fca00000| 69%| O|  |TAMS 0x00000000fc900000, 0x00000000fc900000| Untracked 
|  10|0x00000000fca00000, 0x00000000fca00000, 0x00000000fcb00000|  0%| F|  |TAMS 0x00000000fca00000, 0x00000000fca00000| Untracked 
|  11|0x00000000fcb00000, 0x00000000fcb00000, 0x00000000fcc00000|  0%| F|  |TAMS 0x00000000fcb00000, 0x00000000fcb00000| Untracked 
|  12|0x00000000fcc00000, 0x00000000fcc00000, 0x00000000fcd00000|  0%| F|  |TAMS 0x00000000fcc00000, 0x00000000fcc00000| Untracked 
|  13|0x00000000fcd00000, 0x00000000fcd00000, 0x00000000fce00000|  0%| F|  |TAMS 0x00000000fcd00000, 0x00000000fcd00000| Untracked 
|  14|0x00000000fce00000, 0x00000000fce00000, 0x00000000fcf00000|  0%| F|  |TAMS 0x00000000fce00000, 0x00000000fce00000| Untracked 
|  15|0x00000000fcf00000, 0x00000000fcf00000, 0x00000000fd000000|  0%| F|  |TAMS 0x00000000fcf00000, 0x00000000fcf00000| Untracked 
|  16|0x00000000fd000000, 0x00000000fd000000, 0x00000000fd100000|  0%| F|  |TAMS 0x00000000fd000000, 0x00000000fd000000| Untracked 
|  17|0x00000000fd100000, 0x00000000fd100000, 0x00000000fd200000|  0%| F|  |TAMS 0x00000000fd100000, 0x00000000fd100000| Untracked 
|  18|0x00000000fd200000, 0x00000000fd200000, 0x00000000fd300000|  0%| F|  |TAMS 0x00000000fd200000, 0x00000000fd200000| Untracked 
|  19|0x00000000fd300000, 0x00000000fd300000, 0x00000000fd400000|  0%| F|  |TAMS 0x00000000fd300000, 0x00000000fd300000| Untracked 
|  20|0x00000000fd400000, 0x00000000fd400000, 0x00000000fd500000|  0%| F|  |TAMS 0x00000000fd400000, 0x00000000fd400000| Untracked 
|  21|0x00000000fd500000, 0x00000000fd500000, 0x00000000fd600000|  0%| F|  |TAMS 0x00000000fd500000, 0x00000000fd500000| Untracked 
|  22|0x00000000fd600000, 0x00000000fd600000, 0x00000000fd700000|  0%| F|  |TAMS 0x00000000fd600000, 0x00000000fd600000| Untracked 
|  23|0x00000000fd700000, 0x00000000fd700000, 0x00000000fd800000|  0%| F|  |TAMS 0x00000000fd700000, 0x00000000fd700000| Untracked 
|  24|0x00000000fd800000, 0x00000000fd800000, 0x00000000fd900000|  0%| F|  |TAMS 0x00000000fd800000, 0x00000000fd800000| Untracked 
|  25|0x00000000fd900000, 0x00000000fd900000, 0x00000000fda00000|  0%| F|  |TAMS 0x00000000fd900000, 0x00000000fd900000| Untracked 
|  26|0x00000000fda00000, 0x00000000fda00000, 0x00000000fdb00000|  0%| F|  |TAMS 0x00000000fda00000, 0x00000000fda00000| Untracked 
|  27|0x00000000fdb00000, 0x00000000fdb00000, 0x00000000fdc00000|  0%| F|  |TAMS 0x00000000fdb00000, 0x00000000fdb00000| Untracked 
|  28|0x00000000fdc00000, 0x00000000fdc00000, 0x00000000fdd00000|  0%| F|  |TAMS 0x00000000fdc00000, 0x00000000fdc00000| Untracked 
|  29|0x00000000fdd00000, 0x00000000fdd00000, 0x00000000fde00000|  0%| F|  |TAMS 0x00000000fdd00000, 0x00000000fdd00000| Untracked 
|  30|0x00000000fde00000, 0x00000000fde00000, 0x00000000fdf00000|  0%| F|  |TAMS 0x00000000fde00000, 0x00000000fde00000| Untracked 
|  31|0x00000000fdf00000, 0x00000000fdf00000, 0x00000000fe000000|  0%| F|  |TAMS 0x00000000fdf00000, 0x00000000fdf00000| Untracked 
|  32|0x00000000fe000000, 0x00000000fe000000, 0x00000000fe100000|  0%| F|  |TAMS 0x00000000fe000000, 0x00000000fe000000| Untracked 
|  33|0x00000000fe100000, 0x00000000fe100000, 0x00000000fe200000|  0%| F|  |TAMS 0x00000000fe100000, 0x00000000fe100000| Untracked 
|  34|0x00000000fe200000, 0x00000000fe200000, 0x00000000fe300000|  0%| F|  |TAMS 0x00000000fe200000, 0x00000000fe200000| Untracked 
|  35|0x00000000fe300000, 0x00000000fe300000, 0x00000000fe400000|  0%| F|  |TAMS 0x00000000fe300000, 0x00000000fe300000| Untracked 
|  36|0x00000000fe400000, 0x00000000fe400000, 0x00000000fe500000|  0%| F|  |TAMS 0x00000000fe400000, 0x00000000fe400000| Untracked 
|  37|0x00000000fe500000, 0x00000000fe500000, 0x00000000fe600000|  0%| F|  |TAMS 0x00000000fe500000, 0x00000000fe500000| Untracked 
|  38|0x00000000fe600000, 0x00000000fe600000, 0x00000000fe700000|  0%| F|  |TAMS 0x00000000fe600000, 0x00000000fe600000| Untracked 
|  39|0x00000000fe700000, 0x00000000fe7fd8e0, 0x00000000fe800000| 99%| S|CS|TAMS 0x00000000fe700000, 0x00000000fe700000| Complete 
|  40|0x00000000fe800000, 0x00000000fe800000, 0x00000000fe900000|  0%| F|  |TAMS 0x00000000fe800000, 0x00000000fe800000| Untracked 
|  41|0x00000000fe900000, 0x00000000fe900000, 0x00000000fea00000|  0%| F|  |TAMS 0x00000000fe900000, 0x00000000fe900000| Untracked 
|  42|0x00000000fea00000, 0x00000000fea00000, 0x00000000feb00000|  0%| F|  |TAMS 0x00000000fea00000, 0x00000000fea00000| Untracked 
|  43|0x00000000feb00000, 0x00000000feb00000, 0x00000000fec00000|  0%| F|  |TAMS 0x00000000feb00000, 0x00000000feb00000| Untracked 
|  44|0x00000000fec00000, 0x00000000fec00000, 0x00000000fed00000|  0%| F|  |TAMS 0x00000000fec00000, 0x00000000fec00000| Untracked 
|  45|0x00000000fed00000, 0x00000000fed00000, 0x00000000fee00000|  0%| F|  |TAMS 0x00000000fed00000, 0x00000000fed00000| Untracked 
|  46|0x00000000fee00000, 0x00000000fee00000, 0x00000000fef00000|  0%| F|  |TAMS 0x00000000fee00000, 0x00000000fee00000| Untracked 
|  47|0x00000000fef00000, 0x00000000fef00000, 0x00000000ff000000|  0%| F|  |TAMS 0x00000000fef00000, 0x00000000fef00000| Untracked 
|  48|0x00000000ff000000, 0x00000000ff000000, 0x00000000ff100000|  0%| F|  |TAMS 0x00000000ff000000, 0x00000000ff000000| Untracked 
|  49|0x00000000ff100000, 0x00000000ff100000, 0x00000000ff200000|  0%| F|  |TAMS 0x00000000ff100000, 0x00000000ff100000| Untracked 
|  50|0x00000000ff200000, 0x00000000ff200000, 0x00000000ff300000|  0%| F|  |TAMS 0x00000000ff200000, 0x00000000ff200000| Untracked 
|  51|0x00000000ff300000, 0x00000000ff300000, 0x00000000ff400000|  0%| F|  |TAMS 0x00000000ff300000, 0x00000000ff300000| Untracked 
|  52|0x00000000ff400000, 0x00000000ff400000, 0x00000000ff500000|  0%| F|  |TAMS 0x00000000ff400000, 0x00000000ff400000| Untracked 
|  53|0x00000000ff500000, 0x00000000ff500000, 0x00000000ff600000|  0%| F|  |TAMS 0x00000000ff500000, 0x00000000ff500000| Untracked 
|  54|0x00000000ff600000, 0x00000000ff600000, 0x00000000ff700000|  0%| F|  |TAMS 0x00000000ff600000, 0x00000000ff600000| Untracked 
|  55|0x00000000ff700000, 0x00000000ff700000, 0x00000000ff800000|  0%| F|  |TAMS 0x00000000ff700000, 0x00000000ff700000| Untracked 
|  56|0x00000000ff800000, 0x00000000ff800000, 0x00000000ff900000|  0%| F|  |TAMS 0x00000000ff800000, 0x00000000ff800000| Untracked 
|  57|0x00000000ff900000, 0x00000000ff900000, 0x00000000ffa00000|  0%| F|  |TAMS 0x00000000ff900000, 0x00000000ff900000| Untracked 
|  58|0x00000000ffa00000, 0x00000000ffa00000, 0x00000000ffb00000|  0%| F|  |TAMS 0x00000000ffa00000, 0x00000000ffa00000| Untracked 
|  59|0x00000000ffb00000, 0x00000000ffb00000, 0x00000000ffc00000|  0%| F|  |TAMS 0x00000000ffb00000, 0x00000000ffb00000| Untracked 
|  60|0x00000000ffc00000, 0x00000000ffc00000, 0x00000000ffd00000|  0%| F|  |TAMS 0x00000000ffc00000, 0x00000000ffc00000| Untracked 
|  61|0x00000000ffd00000, 0x00000000ffd00000, 0x00000000ffe00000|  0%| F|  |TAMS 0x00000000ffd00000, 0x00000000ffd00000| Untracked 
|  62|0x00000000ffe00000, 0x00000000ffe00000, 0x00000000fff00000|  0%| F|  |TAMS 0x00000000ffe00000, 0x00000000ffe00000| Untracked 
|  63|0x00000000fff00000, 0x00000000fffaf418, 0x0000000100000000| 68%| E|  |TAMS 0x00000000fff00000, 0x00000000fff00000| Complete 

Card table byte_map: [0x000001293d270000,0x000001293d290000] _byte_map_base: 0x000001293ca90000

Marking Bits (Prev, Next): (CMBitMap*) 0x000001293d446018, (CMBitMap*) 0x000001293d446050
 Prev Bits: [0x000001293d2b0000, 0x000001293d3b0000)
 Next Bits: [0x0000012954ba0000, 0x0000012954ca0000)

Polling page: 0x000001293cc00000

Metaspace:

Usage:
  Non-class:     14.44 MB capacity,    14.22 MB ( 98%) used,   201.64 KB (  1%) free+waste,    23.13 KB ( <1%) overhead. 
      Class:      1.90 MB capacity,     1.79 MB ( 95%) used,    94.55 KB (  5%) free+waste,    11.13 KB ( <1%) overhead. 
       Both:     16.34 MB capacity,    16.02 MB ( 98%) used,   296.19 KB (  2%) free+waste,    34.25 KB ( <1%) overhead. 

Virtual space:
  Non-class space:       16.00 MB reserved,      14.50 MB ( 91%) committed 
      Class space:        1.00 GB reserved,       2.00 MB ( <1%) committed 
             Both:        1.02 GB reserved,      16.50 MB (  2%) committed 

Chunk freelists:
   Non-Class:  57.00 KB
       Class:  9.00 KB
        Both:  66.00 KB

MaxMetaspaceSize: 17179869184.00 GB
CompressedClassSpaceSize: 1.00 GB
Initial GC threshold: 20.80 MB
Current GC threshold: 20.80 MB
CDS: off

CodeHeap 'non-profiled nmethods': size=120064Kb used=892Kb max_used=892Kb free=119171Kb
 bounds [0x000001294d660000, 0x000001294d8d0000, 0x0000012954ba0000]
CodeHeap 'profiled nmethods': size=120000Kb used=3480Kb max_used=3480Kb free=116519Kb
 bounds [0x0000012946130000, 0x00000129464a0000, 0x000001294d660000]
CodeHeap 'non-nmethods': size=5696Kb used=1164Kb max_used=1203Kb free=4531Kb
 bounds [0x0000012945ba0000, 0x0000012945e10000, 0x0000012946130000]
 total_blobs=2273 nmethods=1844 adapters=342
 compilation: enabled
              stopped_count=0, restarted_count=0
 full_count=0

Compilation events (20 events):
Event: 703.346 Thread 0x0000012957aaa000 nmethod 1836 0x0000012946493510 code [0x0000012946493720, 0x0000012946493d68]
Event: 703.346 Thread 0x0000012957aaa000 1837       3       org.gradle.internal.logging.console.AnsiConsole$Listener::beforeNewLineWritten (49 bytes)
Event: 703.347 Thread 0x0000012957aaa000 nmethod 1837 0x0000012946493f90 code [0x00000129464941a0, 0x0000012946494608]
Event: 703.347 Thread 0x0000012957aaa000 1838       3       org.fusesource.jansi.Ansi::newline (19 bytes)
Event: 703.349 Thread 0x0000012957aaa000 nmethod 1838 0x0000012946494910 code [0x0000012946494b20, 0x0000012946494fe8]
Event: 747.138 Thread 0x0000012957aa6800 1839       4       org.fusesource.jansi.Ansi::a (17 bytes)
Event: 747.148 Thread 0x0000012957aa6800 nmethod 1839 0x000001294d73c110 code [0x000001294d73c2c0, 0x000001294d73c888]
Event: 788.117 Thread 0x0000012957aa6800 1840       4       java.lang.AbstractStringBuilder::putStringAt (29 bytes)
Event: 788.120 Thread 0x0000012957aa6800 nmethod 1840 0x000001294d73cb10 code [0x000001294d73cca0, 0x000001294d73cdf8]
Event: 789.563 Thread 0x0000012957aa6800 1841       4       org.gradle.internal.logging.sink.GroupingProgressLogEventGenerator::onUpdateNow (54 bytes)
Event: 789.610 Thread 0x0000012957aa6800 nmethod 1841 0x000001294d73cf90 code [0x000001294d73d240, 0x000001294d73dde0]
Event: 804.590 Thread 0x0000012957aaa000 1842       3       org.gradle.internal.time.MonotonicClock::sync (26 bytes)
Event: 804.591 Thread 0x0000012957aaa000 nmethod 1842 0x0000012946495210 code [0x0000012946495400, 0x0000012946495878]
Event: 804.591 Thread 0x0000012957aaa000 1843       3       org.gradle.internal.time.TimeSource$1::currentTimeMillis (4 bytes)
Event: 804.591 Thread 0x0000012957aaa000 nmethod 1843 0x0000012946495b10 code [0x0000012946495cc0, 0x0000012946495dd8]
Event: 843.040 Thread 0x0000012957aaa000 1844       3       org.fusesource.jansi.Ansi::eraseLine (11 bytes)
Event: 843.040 Thread 0x0000012957aaa000 nmethod 1844 0x0000012946495e90 code [0x0000012946496040, 0x0000012946496188]
Event: 843.738 Thread 0x0000012957aa6800 1845       4       org.gradle.internal.logging.console.DefaultRedrawableLabel::newLineAdjustment (14 bytes)
Event: 843.740 Thread 0x0000012957aa6800 nmethod 1845 0x000001294d73ef10 code [0x000001294d73f0a0, 0x000001294d73f118]
Event: 844.738 Thread 0x0000012957aa6800 1846 %     4       org.gradle.internal.logging.text.AbstractLineChoppingStyledTextOutput::doAppend @ 10 (43 bytes)

GC Heap History (8 events):
Event: 0.837 GC heap before
{Heap before GC invocations=0 (full 0):
 garbage-first heap   total 65536K, used 16384K [0x00000000fc000000, 0x0000000100000000)
  region size 1024K, 14 young (14336K), 0 survivors (0K)
 Metaspace       used 7667K, capacity 7825K, committed 7936K, reserved 1056768K
  class space    used 674K, capacity 754K, committed 768K, reserved 1048576K
}
Event: 0.843 GC heap after
{Heap after GC invocations=1 (full 0):
 garbage-first heap   total 65536K, used 3211K [0x00000000fc000000, 0x0000000100000000)
  region size 1024K, 2 young (2048K), 2 survivors (2048K)
 Metaspace       used 7667K, capacity 7825K, committed 7936K, reserved 1056768K
  class space    used 674K, capacity 754K, committed 768K, reserved 1048576K
}
Event: 1.340 GC heap before
{Heap before GC invocations=1 (full 0):
 garbage-first heap   total 65536K, used 16523K [0x00000000fc000000, 0x0000000100000000)
  region size 1024K, 13 young (13312K), 2 survivors (2048K)
 Metaspace       used 10752K, capacity 11000K, committed 11264K, reserved 1058816K
  class space    used 1100K, capacity 1178K, committed 1280K, reserved 1048576K
}
Event: 1.347 GC heap after
{Heap after GC invocations=2 (full 0):
 garbage-first heap   total 65536K, used 9821K [0x00000000fc000000, 0x0000000100000000)
  region size 1024K, 2 young (2048K), 2 survivors (2048K)
 Metaspace       used 10752K, capacity 11000K, committed 11264K, reserved 1058816K
  class space    used 1100K, capacity 1178K, committed 1280K, reserved 1048576K
}
Event: 2.067 GC heap before
{Heap before GC invocations=2 (full 0):
 garbage-first heap   total 65536K, used 28253K [0x00000000fc000000, 0x0000000100000000)
  region size 1024K, 20 young (20480K), 2 survivors (2048K)
 Metaspace       used 15452K, capacity 15789K, committed 16000K, reserved 1062912K
  class space    used 1769K, capacity 1905K, committed 1920K, reserved 1048576K
}
Event: 2.071 GC heap after
{Heap after GC invocations=3 (full 0):
 garbage-first heap   total 65536K, used 10825K [0x00000000fc000000, 0x0000000100000000)
  region size 1024K, 1 young (1024K), 1 survivors (1024K)
 Metaspace       used 15452K, capacity 15789K, committed 16000K, reserved 1062912K
  class space    used 1769K, capacity 1905K, committed 1920K, reserved 1048576K
}
Event: 823.773 GC heap before
{Heap before GC invocations=3 (full 0):
 garbage-first heap   total 65536K, used 34377K [0x00000000fc000000, 0x0000000100000000)
  region size 1024K, 24 young (24576K), 1 survivors (1024K)
 Metaspace       used 16403K, capacity 16734K, committed 16896K, reserved 1064960K
  class space    used 1837K, capacity 1943K, committed 2048K, reserved 1048576K
}
Event: 824.587 GC heap after
{Heap after GC invocations=4 (full 0):
 garbage-first heap   total 65536K, used 10944K [0x00000000fc000000, 0x0000000100000000)
  region size 1024K, 1 young (1024K), 1 survivors (1024K)
 Metaspace       used 16403K, capacity 16734K, committed 16896K, reserved 1064960K
  class space    used 1837K, capacity 1943K, committed 2048K, reserved 1048576K
}

Deoptimization events (20 events):
Event: 538.037 Thread 0x0000012958748000 Uncommon trap: trap_request=0xffffff4d fr.pc=0x000001294d714408 relative=0x00000000000066e8
Event: 538.037 Thread 0x0000012958748000 Uncommon trap: reason=unstable_if action=reinterpret pc=0x000001294d714408 method=org.gradle.internal.logging.sink.GroupingProgressLogEventGenerator$OperationGroup.shouldForward()Z @ 9 c2
Event: 538.037 Thread 0x0000012958748000 DEOPT PACKING pc=0x000001294d714408 sp=0x00000008617fecf0
Event: 538.037 Thread 0x0000012958748000 DEOPT UNPACKING pc=0x0000012945bea1af sp=0x00000008617fea58 mode 2
Event: 540.145 Thread 0x0000012958748000 Uncommon trap: trap_request=0xffffff4d fr.pc=0x000001294d6fea50 relative=0x0000000000000350
Event: 540.145 Thread 0x0000012958748000 Uncommon trap: reason=unstable_if action=reinterpret pc=0x000001294d6fea50 method=org.gradle.internal.logging.sink.GroupingProgressLogEventGenerator$OperationGroup.canClaimForeground()Z @ 4 c2
Event: 540.145 Thread 0x0000012958748000 DEOPT PACKING pc=0x000001294d6fea50 sp=0x00000008617fec50
Event: 540.145 Thread 0x0000012958748000 DEOPT UNPACKING pc=0x0000012945bea1af sp=0x00000008617feb30 mode 2
Event: 540.239 Thread 0x0000012958748000 Uncommon trap: trap_request=0xffffff4d fr.pc=0x000001294d6f7fd4 relative=0x0000000000000194
Event: 540.239 Thread 0x0000012958748000 Uncommon trap: reason=unstable_if action=reinterpret pc=0x000001294d6f7fd4 method=org.gradle.internal.logging.sink.GroupingProgressLogEventGenerator$OperationGroup.canClaimForeground()Z @ 4 c2
Event: 540.239 Thread 0x0000012958748000 DEOPT PACKING pc=0x000001294d6f7fd4 sp=0x00000008617febd0
Event: 540.239 Thread 0x0000012958748000 DEOPT UNPACKING pc=0x0000012945bea1af sp=0x00000008617feb20 mode 2
Event: 621.948 Thread 0x000001293d427000 Uncommon trap: trap_request=0xffffff4d fr.pc=0x000001294d6fd900 relative=0x0000000000000540
Event: 621.948 Thread 0x000001293d427000 Uncommon trap: reason=unstable_if action=reinterpret pc=0x000001294d6fd900 method=com.esotericsoftware.kryo.io.Input.readUtf8(I)V @ 79 c2
Event: 621.948 Thread 0x000001293d427000 DEOPT PACKING pc=0x000001294d6fd900 sp=0x00000008603fc070
Event: 621.948 Thread 0x000001293d427000 DEOPT UNPACKING pc=0x0000012945bea1af sp=0x00000008603fc008 mode 2
Event: 621.963 Thread 0x000001293d427000 Uncommon trap: trap_request=0xffffff4d fr.pc=0x000001294d6fb5d8 relative=0x0000000000000418
Event: 621.963 Thread 0x000001293d427000 Uncommon trap: reason=unstable_if action=reinterpret pc=0x000001294d6fb5d8 method=com.esotericsoftware.kryo.io.Input.readUtf8(I)V @ 79 c2
Event: 621.963 Thread 0x000001293d427000 DEOPT PACKING pc=0x000001294d6fb5d8 sp=0x00000008603fc070
Event: 621.964 Thread 0x000001293d427000 DEOPT UNPACKING pc=0x0000012945bea1af sp=0x00000008603fc008 mode 2

Classes redefined (0 events):
No events

Internal exceptions (14 events):
Event: 0.347 Thread 0x000001293d427000 Exception <a 'java/lang/NoSuchMethodError'{0x00000000ffc4acb8}: 'int java.lang.invoke.DirectMethodHandle$Holder.invokeStaticInit(java.lang.Object, java.lang.Object)'> (0x00000000ffc4acb8) thrown at [./src/hotspot/share/interpreter/linkResolver.cpp, line 773]
Event: 0.418 Thread 0x000001293d427000 Exception <a 'java/lang/NoSuchMethodError'{0x00000000ffb1f708}: 'int java.lang.invoke.DirectMethodHandle$Holder.invokeSpecial(java.lang.Object, java.lang.Object, java.lang.Object, java.lang.Object)'> (0x00000000ffb1f708) thrown at [./src/hotspot/share/interpreter/linkResolver.cpp, line 773]
Event: 0.429 Thread 0x000001293d427000 Exception <a 'java/lang/NoSuchMethodError'{0x00000000ffb58748}: 'int java.lang.invoke.DirectMethodHandle$Holder.invokeSpecialIFC(java.lang.Object, java.lang.Object, int)'> (0x00000000ffb58748) thrown at [./src/hotspot/share/interpreter/linkResolver.cpp, line 773]
Event: 1.232 Thread 0x000001293d427000 Implicit null exception at 0x000001294d6a1475 to 0x000001294d6a1670
Event: 1.283 Thread 0x000001293d427000 Exception <a 'java/lang/NoClassDefFoundError'{0x00000000ff6a98d8}: org/slf4j/impl/StaticMarkerBinder> (0x00000000ff6a98d8) thrown at [./src/hotspot/share/classfile/systemDictionary.cpp, line 219]
Event: 1.315 Thread 0x000001293d427000 Exception <a 'java/lang/NoSuchMethodError'{0x00000000ff5a80d0}: 'java.lang.Object java.lang.invoke.DirectMethodHandle$Holder.invokeVirtual(java.lang.Object, java.lang.Object, java.lang.Object, java.lang.Object, java.lang.Object, java.lang.Object, java.lang.Object)'> (0x00000000ff5a80d0) thrown at [./src/hotspot/share/interpreter/linkResolver.cpp, line 773]
Event: 1.319 Thread 0x000001293d427000 Exception <a 'java/lang/NoSuchMethodError'{0x00000000ff5bc028}: 'java.lang.Object java.lang.invoke.Invokers$Holder.invoker(java.lang.Object, java.lang.Object, java.lang.Object)'> (0x00000000ff5bc028) thrown at [./src/hotspot/share/interpreter/linkResolver.cpp, line 773]
Event: 1.326 Thread 0x000001293d427000 Exception <a 'java/lang/NoSuchMethodError'{0x00000000ff5ccaf8}: 'void java.lang.invoke.DelegatingMethodHandle$Holder.delegate(java.lang.Object, java.lang.Object, int, java.lang.Object)'> (0x00000000ff5ccaf8) thrown at [./src/hotspot/share/interpreter/linkResolver.cpp, line 773]
Event: 1.521 Thread 0x000001293d427000 Exception <a 'java/lang/NoSuchMethodError'{0x00000000ff818380}: 'java.lang.Object java.lang.invoke.DirectMethodHandle$Holder.invokeInterface(java.lang.Object, java.lang.Object, java.lang.Object)'> (0x00000000ff818380) thrown at [./src/hotspot/share/interpreter/linkResolver.cpp, line 773]
Event: 1.604 Thread 0x000001293d427000 Exception <a 'java/lang/NoSuchMethodError'{0x00000000ff5aaf70}: 'java.lang.Object java.lang.invoke.DirectMethodHandle$Holder.invokeStaticInit(java.lang.Object, java.lang.Object, java.lang.Object)'> (0x00000000ff5aaf70) thrown at [./src/hotspot/share/interpreter/linkResolver.cpp, line 773]
Event: 1.718 Thread 0x000001293d427000 Exception <a 'java/lang/NoSuchMethodError'{0x00000000fee6ac10}: 'java.lang.Object java.lang.invoke.DirectMethodHandle$Holder.invokeStaticInit(java.lang.Object, int, int, int, int)'> (0x00000000fee6ac10) thrown at [./src/hotspot/share/interpreter/linkResolver.cpp, line 773]
Event: 1.875 Thread 0x000001293d427000 Exception <a 'java/lang/NoSuchMethodError'{0x00000000fed39ab8}: 'java.lang.Object java.lang.invoke.DirectMethodHandle$Holder.invokeStaticInit(java.lang.Object, java.lang.Object, int, int, int, int)'> (0x00000000fed39ab8) thrown at [./src/hotspot/share/interpreter/linkResolver.cpp, line 773]
Event: 2.032 Thread 0x000001293d427000 Implicit null exception at 0x000001294d696df4 to 0x000001294d6972c4
Event: 2.034 Thread 0x000001293d427000 Implicit null exception at 0x000001294d697874 to 0x000001294d697d14

Events (20 events):
Event: 13.791 loading class java/io/ObjectInputStream$HandleTable
Event: 13.791 loading class java/io/ObjectInputStream$HandleTable done
Event: 13.791 loading class java/io/ObjectInputStream$HandleTable$HandleList
Event: 13.791 loading class java/io/ObjectInputStream$HandleTable$HandleList done
Event: 13.791 loading class java/io/ObjectInputStream$ValidationList
Event: 13.791 loading class java/io/ObjectInputStream$ValidationList done
Event: 13.791 loading class java/io/ObjectInputFilter$Config
Event: 13.791 loading class java/io/ObjectInputFilter$Config done
Event: 13.791 loading class java/io/ObjectInputFilter
Event: 13.792 loading class java/io/ObjectInputFilter done
Event: 13.792 loading class jdk/internal/misc/JavaObjectInputFilterAccess
Event: 13.792 loading class jdk/internal/misc/JavaObjectInputFilterAccess done
Event: 13.793 loading class java/io/Bits
Event: 13.793 loading class java/io/Bits done
Event: 13.793 loading class org/gradle/internal/serialize/ExceptionReplacingObjectInputStream$1
Event: 13.793 loading class org/gradle/internal/serialize/ExceptionReplacingObjectInputStream$1 done
Event: 546.840 loading class com/google/common/base/Predicates$1
Event: 546.840 loading class com/google/common/base/Predicates$1 done
Event: 823.773 Executing VM operation: G1CollectForAllocation
Event: 824.587 Executing VM operation: G1CollectForAllocation done


Dynamic libraries:
0x00007ff7e7320000 - 0x00007ff7e732d000 	C:\Program Files\Microsoft\jdk-11.0.18.10-hotspot\bin\java.exe
0x00007ff803d60000 - 0x00007ff803f3b000 	C:\Windows\SYSTEM32\ntdll.dll
0x00007ff803840000 - 0x00007ff8038ee000 	C:\Windows\System32\KERNEL32.DLL
0x00007ff800f90000 - 0x00007ff8011d9000 	C:\Windows\System32\KERNELBASE.dll
0x00007ff800550000 - 0x00007ff800646000 	C:\Windows\System32\ucrtbase.dll
0x00007ffff8970000 - 0x00007ffff8985000 	C:\Program Files\Microsoft\jdk-11.0.18.10-hotspot\bin\VCRUNTIME140.dll
0x00007ffff4bc0000 - 0x00007ffff4bd7000 	C:\Program Files\Microsoft\jdk-11.0.18.10-hotspot\bin\jli.dll
0x00007ff8027c0000 - 0x00007ff80290a000 	C:\Windows\System32\USER32.dll
0x00007ff801250000 - 0x00007ff80126e000 	C:\Windows\System32\win32u.dll
0x00007ffff4720000 - 0x00007ffff4987000 	C:\Windows\WinSxS\amd64_microsoft.windows.common-controls_6595b64144ccf1df_6.0.15063.0_none_108e4f62dfe5d999\COMCTL32.dll
0x00007ff802970000 - 0x00007ff802997000 	C:\Windows\System32\GDI32.dll
0x00007ff803cc0000 - 0x00007ff803d5d000 	C:\Windows\System32\msvcrt.dll
0x00007ff800e00000 - 0x00007ff800f89000 	C:\Windows\System32\gdi32full.dll
0x00007ff8038f0000 - 0x00007ff803be9000 	C:\Windows\System32\combase.dll
0x00007ff8002e0000 - 0x00007ff80037a000 	C:\Windows\System32\msvcp_win.dll
0x00007ff802fa0000 - 0x00007ff8030c5000 	C:\Windows\System32\RPCRT4.dll
0x00007ff8011e0000 - 0x00007ff80124a000 	C:\Windows\System32\bcryptPrimitives.dll
0x00007ff803180000 - 0x00007ff8031ad000 	C:\Windows\System32\IMM32.DLL
0x00007fffe23f0000 - 0x00007fffe248b000 	C:\Program Files\Microsoft\jdk-11.0.18.10-hotspot\bin\msvcp140.dll
0x00007fffdf210000 - 0x00007fffdfda2000 	C:\Program Files\Microsoft\jdk-11.0.18.10-hotspot\bin\server\jvm.dll
0x00007ff8030d0000 - 0x00007ff803171000 	C:\Windows\System32\ADVAPI32.dll
0x00007ff8029a0000 - 0x00007ff8029f9000 	C:\Windows\System32\sechost.dll
0x00007ff8027a0000 - 0x00007ff8027a8000 	C:\Windows\System32\PSAPI.DLL
0x00007ffffd3e0000 - 0x00007ffffd403000 	C:\Windows\SYSTEM32\WINMM.dll
0x00007ffff2c60000 - 0x00007ffff2c6a000 	C:\Windows\SYSTEM32\VERSION.dll
0x00007ffff4bb0000 - 0x00007ffff4bb9000 	C:\Windows\SYSTEM32\WSOCK32.dll
0x00007ff802f30000 - 0x00007ff802f9c000 	C:\Windows\System32\WS2_32.dll
0x00007ffffd3b0000 - 0x00007ffffd3db000 	C:\Windows\SYSTEM32\WINMMBASE.dll
0x00007ff801270000 - 0x00007ff8012b9000 	C:\Windows\System32\cfgmgr32.dll
0x00007ff800260000 - 0x00007ff800271000 	C:\Windows\System32\kernel.appcore.dll
0x00007ffff4ba0000 - 0x00007ffff4bb0000 	C:\Program Files\Microsoft\jdk-11.0.18.10-hotspot\bin\verify.dll
0x00007ffff1a70000 - 0x00007ffff1c19000 	C:\Windows\SYSTEM32\DBGHELP.DLL
0x00007ffff1980000 - 0x00007ffff19a9000 	C:\Windows\SYSTEM32\dbgcore.DLL
0x00007ffff39b0000 - 0x00007ffff39d8000 	C:\Program Files\Microsoft\jdk-11.0.18.10-hotspot\bin\java.dll
0x00007ffff3f00000 - 0x00007ffff3f0a000 	C:\Program Files\Microsoft\jdk-11.0.18.10-hotspot\bin\jimage.dll
0x00007ffff38b0000 - 0x00007ffff38c8000 	C:\Program Files\Microsoft\jdk-11.0.18.10-hotspot\bin\zip.dll
0x00007ff801360000 - 0x00007ff802797000 	C:\Windows\System32\SHELL32.dll
0x00007ff803790000 - 0x00007ff80383a000 	C:\Windows\System32\shcore.dll
0x00007ff800650000 - 0x00007ff800d42000 	C:\Windows\System32\windows.storage.dll
0x00007ff802ed0000 - 0x00007ff802f21000 	C:\Windows\System32\shlwapi.dll
0x00007ff8001d0000 - 0x00007ff80021c000 	C:\Windows\System32\powrprof.dll
0x00007ff800240000 - 0x00007ff800255000 	C:\Windows\System32\profapi.dll
0x00007ffff3890000 - 0x00007ffff38a9000 	C:\Program Files\Microsoft\jdk-11.0.18.10-hotspot\bin\net.dll
0x00007ffff2d10000 - 0x00007ffff2de7000 	C:\Windows\SYSTEM32\WINHTTP.dll
0x00007fffffac0000 - 0x00007fffffb1c000 	C:\Windows\system32\mswsock.dll
0x00007ffff3870000 - 0x00007ffff3883000 	C:\Program Files\Microsoft\jdk-11.0.18.10-hotspot\bin\nio.dll
0x00007fffef4f0000 - 0x00007fffef517000 	C:\Users\jamal\.gradle\native\e1d6ef7f7dcc3fd88c89a11ec53ec762bb8ba0a96d01ffa2cd45eb1d1d8dd5c5\windows-amd64\native-platform.dll
0x00007ffff8da0000 - 0x00007ffff8daa000 	C:\Users\jamal\.gradle\native\jansi\1.18\windows64\jansi.dll
0x00007ffff39a0000 - 0x00007ffff39a9000 	C:\Program Files\Microsoft\jdk-11.0.18.10-hotspot\bin\management.dll
0x00007ffff3860000 - 0x00007ffff386b000 	C:\Program Files\Microsoft\jdk-11.0.18.10-hotspot\bin\management_ext.dll
0x00007fffffc60000 - 0x00007fffffc77000 	C:\Windows\SYSTEM32\CRYPTSP.dll
0x00007fffff6e0000 - 0x00007fffff714000 	C:\Windows\system32\rsaenh.dll
0x00007fffffd60000 - 0x00007fffffd85000 	C:\Windows\SYSTEM32\bcrypt.dll
0x00007ff800100000 - 0x00007ff800129000 	C:\Windows\SYSTEM32\USERENV.dll
0x00007ff800000000 - 0x00007ff80000b000 	C:\Windows\SYSTEM32\CRYPTBASE.dll
0x00007fffff860000 - 0x00007fffff897000 	C:\Windows\SYSTEM32\IPHLPAPI.DLL
0x00007ff803bf0000 - 0x00007ff803bf8000 	C:\Windows\System32\NSI.dll
0x00007ffff8d70000 - 0x00007ffff8d86000 	C:\Windows\SYSTEM32\dhcpcsvc6.DLL
0x00007ffff8f00000 - 0x00007ffff8f1a000 	C:\Windows\SYSTEM32\dhcpcsvc.DLL

dbghelp: loaded successfully - version: 4.0.5 - missing functions: none
symbol engine: initialized successfully - sym options: 0x614 - pdb path: .;C:\Program Files\Microsoft\jdk-11.0.18.10-hotspot\bin;C:\Windows\SYSTEM32;C:\Windows\WinSxS\amd64_microsoft.windows.common-controls_6595b64144ccf1df_6.0.15063.0_none_108e4f62dfe5d999;C:\Program Files\Microsoft\jdk-11.0.18.10-hotspot\bin\server;C:\Users\jamal\.gradle\native\e1d6ef7f7dcc3fd88c89a11ec53ec762bb8ba0a96d01ffa2cd45eb1d1d8dd5c5\windows-amd64;C:\Users\jamal\.gradle\native\jansi\1.18\windows64

VM Arguments:
jvm_args: -Xmx64m -Xms64m -Dorg.gradle.appname=gradlew 
java_command: org.gradle.wrapper.GradleWrapperMain app:installDebug -PreactNativeDevServerPort=8081
java_class_path (initial): D:\Web And Mbl\React Projects\React Native\MentorApp\android\\gradle\wrapper\gradle-wrapper.jar
Launcher Type: SUN_STANDARD

[Global flags]
     intx CICompilerCount                          = 3                                         {product} {ergonomic}
     uint ConcGCThreads                            = 1                                         {product} {ergonomic}
     uint G1ConcRefinementThreads                  = 4                                         {product} {ergonomic}
   size_t G1HeapRegionSize                         = 1048576                                   {product} {ergonomic}
    uintx GCDrainStackTargetSize                   = 64                                        {product} {ergonomic}
   size_t InitialHeapSize                          = 67108864                                  {product} {command line}
   size_t MarkStackSize                            = 4194304                                   {product} {ergonomic}
   size_t MaxHeapSize                              = 67108864                                  {product} {command line}
   size_t MaxNewSize                               = 39845888                                  {product} {ergonomic}
   size_t MinHeapDeltaBytes                        = 1048576                                   {product} {ergonomic}
    uintx NonNMethodCodeHeapSize                   = 5830732                                {pd product} {ergonomic}
    uintx NonProfiledCodeHeapSize                  = 122913754                              {pd product} {ergonomic}
    uintx ProfiledCodeHeapSize                     = 122913754                              {pd product} {ergonomic}
    uintx ReservedCodeCacheSize                    = 251658240                              {pd product} {ergonomic}
     bool SegmentedCodeCache                       = true                                      {product} {ergonomic}
     bool UseCompressedClassPointers               = true                                 {lp64_product} {ergonomic}
     bool UseCompressedOops                        = true                                 {lp64_product} {ergonomic}
     bool UseG1GC                                  = true                                      {product} {ergonomic}
     bool UseLargePagesIndividualAllocation        = false                                  {pd product} {ergonomic}

Logging:
Log output configuration:
 #0: stdout all=warning uptime,level,tags
 #1: stderr all=off uptime,level,tags

Environment Variables:
JAVA_HOME=C:\Program Files\Microsoft\jdk-11.0.18.10-hotspot\
CLASSPATH=D:\Web And Mbl\React Projects\React Native\MentorApp\android\\gradle\wrapper\gradle-wrapper.jar
PATH=D:\Web And Mbl\React Projects\React Native\MentorApp\android\node_modules\.bin;D:\Web And Mbl\React Projects\React Native\MentorApp\node_modules\.bin;D:\Web And Mbl\React Projects\React Native\node_modules\.bin;D:\Web And Mbl\React Projects\node_modules\.bin;D:\Web And Mbl\node_modules\.bin;D:\node_modules\.bin;C:\Program Files\nodejs;D:\Web And Mbl\React Projects\React Native\MentorApp\node_modules\.bin;C:\Program Files\Microsoft\jdk-11.0.18.10-hotspot\bin;C:\Windows\system32;C:\Windows;C:\Windows\System32\Wbem;C:\Windows\System32\WindowsPowerShell\v1.0\;C:\Program Files\Git\cmd;C:\ProgramData\chocolatey\bin;C:\Program Files\nodejs\;C:\Program Files\OpenJDK\openjdk-8u275-b01\bin;C:\Program Files (x86)\GnuWin32\bin;C:\MinGW\bin;C:\Users\jamal\AppData\Local\Microsoft\WindowsApps;C:\Users\jamal\AppData\Roaming\npm;C:\Program Files\Java\jdk-14.0.2\bin;C:\Users\jamal\AppData\Local\Android\Sdk\platform-tools;C:\Users\jamal\AppData\Local\Android\Sdk\build-tools;C:\Users\jamal\AppData\Local\Android\Sdk\emulator;C:\Users\jamal\AppData\Local\Android\Sdk\tools;C:\Users\jamal\AppData\Local\GitHubDesktop\bin;C:\Program Files (x86)\CodeBlocks\MinGW\bin;C:\Users\jamal\AppData\Local\Programs\Microsoft VS Code\bin
USERNAME=jamal
OS=Windows_NT
PROCESSOR_IDENTIFIER=Intel64 Family 6 Model 58 Stepping 9, GenuineIntel
TMP=C:\Users\jamal\AppData\Local\Temp
TEMP=C:\Users\jamal\AppData\Local\Temp



---------------  S Y S T E M  ---------------

OS: Windows 10 , 64 bit Build 15063 (10.0.15063.0)
OS uptime: 0 days 1:06 hours

CPU:total 4 (initial active 4) (2 cores per cpu, 2 threads per core) family 6 model 58 stepping 9 microcode 0x1b, cmov, cx8, fxsr, mmx, sse, sse2, sse3, ssse3, sse4.1, sse4.2, popcnt, avx, aes, clmul, erms, ht, tsc, tscinvbit, tscinv

Memory: 4k page, system-wide physical 3976M (845M free)
TotalPageFile size 6024M (AvailPageFile size 738M)
current process WorkingSet (physical memory assigned to process): 64M, peak: 108M
current process commit charge ("private bytes"): 154M, peak: 178M

vm_info: OpenJDK 64-Bit Server VM (11.0.18+10-LTS) for windows-amd64 JRE (11.0.18+10-LTS), built on Jan 18 2023 15:56:47 by "MicrosoftCorporation" with MS VC++ 15.9 (VS2017)

END.
